<?xml version="1.0" encoding="UTF-8"?>
<!-- Generated by org.testng.reporters.JUnitReportReporter -->
<testsuite hostname="GLB-BLR-303-PC" failures="0" tests="1" name="FieldTracking.EMPFieldTracking.Naukri" time="4.566" errors="0" timestamp="2024-08-26T18:24:24 IST" skipped="0">
  <testcase classname="FieldTracking.EMPFieldTracking.Naukri" name="verifycheckbox" time="4.566"/>
  <system-out/>
</testsuite> <!-- FieldTracking.EMPFieldTracking.Naukri -->
