<?xml version="1.0" encoding="UTF-8"?>
<!-- Generated by org.testng.reporters.JUnitReportReporter -->
<testsuite hostname="GLB-BLR-303-PC" failures="0" tests="1" name="FieldTracking.EMPFieldTracking.AkileshScenarioes" time="27.070" errors="0" timestamp="2024-08-26T15:27:46 IST" skipped="0">
  <testcase classname="FieldTracking.EMPFieldTracking.AkileshScenarioes" name="TaskVerify" time="27.070"/>
  <system-out/>
</testsuite> <!-- FieldTracking.EMPFieldTracking.AkileshScenarioes -->
