<?xml version="1.0" encoding="UTF-8"?>
<!-- Generated by org.testng.reporters.JUnitReportReporter -->
<testsuite hostname="GLB-BLR-303-PC" failures="0" tests="1" name="FieldTracking.EMPFieldTracking.CheckBoxVerify" time="1.960" errors="0" timestamp="2024-08-26T13:58:10 IST" skipped="0">
  <testcase classname="FieldTracking.EMPFieldTracking.CheckBoxVerify" name="verifycheckbox" time="1.960"/>
  <system-out/>
</testsuite> <!-- FieldTracking.EMPFieldTracking.CheckBoxVerify -->
