<?xml version="1.0" encoding="UTF-8"?>
<!-- Generated by org.testng.reporters.JUnitReportReporter -->
<testsuite hostname="GLB-BLR-303-PC" failures="0" tests="1" name="FieldTracking.EMPFieldTracking.HighlightElement" time="2.681" errors="0" timestamp="2024-08-09T16:11:11 IST" skipped="0">
  <testcase classname="FieldTracking.EMPFieldTracking.HighlightElement" name="HighLightElementTest" time="2.681"/>
  <system-out/>
</testsuite> <!-- FieldTracking.EMPFieldTracking.HighlightElement -->
