<?xml version="1.0" encoding="UTF-8"?>
<!-- Generated by org.testng.reporters.JUnitReportReporter -->
<testsuite hostname="GLB-BLR-303-PC" failures="0" tests="1" name="FieldTracking.EMPFieldTracking.PrePostJava" time="0.006" errors="0" timestamp="2024-08-30T16:49:49 IST" skipped="0">
  <testcase classname="FieldTracking.EMPFieldTracking.PrePostJava" name="TestJava" time="0.006"/>
  <system-out/>
</testsuite> <!-- FieldTracking.EMPFieldTracking.PrePostJava -->
